[    4186ms] [VERBOSE] [DOM] Password forms should have (optionally hidden) username fields for accessibility: (More info: https://goo.gl/9p2vKq) %o @ https://test.katelyatv-b3u.pages.dev/login?redirect=%2Fplay%3Ftitle%3D%25E5%259C%25B0%25E7%258B%25B1%25E5%258D%25A0%25E6%2598%259F%25E5%25B8%25AB%26year%3D2026%26source%3Dmaotaizy%26id%3D130399:0
[    5947ms] [ERROR] Access to XMLHttpRequest at 'https://cloudflareinsights.com/cdn-cgi/rum' from origin 'https://test.katelyatv-b3u.pages.dev' has been blocked by CORS policy: No 'Access-Control-Allow-Origin' header is present on the requested resource. @ https://test.katelyatv-b3u.pages.dev/login?redirect=%2Fplay%3Ftitle%3D%25E5%259C%25B0%25E7%258B%25B1%25E5%258D%25A0%25E6%2598%259F%25E5%25B8%25AB%26year%3D2026%26source%3Dmaotaizy%26id%3D130399:0
[    5947ms] [ERROR] Failed to load resource: net::ERR_FAILED @ https://cloudflareinsights.com/cdn-cgi/rum:0
[   44246ms] [LOG] maotaizy 130399 @ https://test.katelyatv-b3u.pages.dev/_next/static/chunks/app/play/page-6cfdda314f8a70e8.js:0
[   45265ms] [LOG] SkipController: 没有找到跳过片段配置 @ https://test.katelyatv-b3u.pages.dev/_next/static/chunks/app/play/page-6cfdda314f8a70e8.js:0
[   45328ms] [LOG] https://vodcnd05.myqqdd.com/20260427/XTfA8uqA/index.m3u8 @ https://test.katelyatv-b3u.pages.dev/_next/static/chunks/app/play/page-6cfdda314f8a70e8.js:0
[   45972ms] [LOG] %c ArtPlayer %c 5.4.0 %c https://artplayer.org color: #fff; background: #5f5f5f color: #fff; background: #4bc729  @ https://test.katelyatv-b3u.pages.dev/_next/static/chunks/b7979814.e3e77e224d202f68.js:77
[   51065ms] [LOG] 播放进度已保存: {title: 地狱占星师, episode: 1, year: 2026, progress: 1/3765} @ https://test.katelyatv-b3u.pages.dev/_next/static/chunks/app/play/page-6cfdda314f8a70e8.js:0
[   56111ms] [LOG] 播放进度已保存: {title: 地狱占星师, episode: 1, year: 2026, progress: 6/3765} @ https://test.katelyatv-b3u.pages.dev/_next/static/chunks/app/play/page-6cfdda314f8a70e8.js:0
[   61161ms] [LOG] 播放进度已保存: {title: 地狱占星师, episode: 1, year: 2026, progress: 11/3765} @ https://test.katelyatv-b3u.pages.dev/_next/static/chunks/app/play/page-6cfdda314f8a70e8.js:0
[   66210ms] [LOG] 播放进度已保存: {title: 地狱占星师, episode: 1, year: 2026, progress: 16/3765} @ https://test.katelyatv-b3u.pages.dev/_next/static/chunks/app/play/page-6cfdda314f8a70e8.js:0
[   71261ms] [LOG] 播放进度已保存: {title: 地狱占星师, episode: 1, year: 2026, progress: 21/3765} @ https://test.katelyatv-b3u.pages.dev/_next/static/chunks/app/play/page-6cfdda314f8a70e8.js:0
[   76302ms] [LOG] 播放进度已保存: {title: 地狱占星师, episode: 1, year: 2026, progress: 26/3765} @ https://test.katelyatv-b3u.pages.dev/_next/static/chunks/app/play/page-6cfdda314f8a70e8.js:0
[   81355ms] [LOG] 播放进度已保存: {title: 地狱占星师, episode: 1, year: 2026, progress: 31/3765} @ https://test.katelyatv-b3u.pages.dev/_next/static/chunks/app/play/page-6cfdda314f8a70e8.js:0
[   86393ms] [LOG] 播放进度已保存: {title: 地狱占星师, episode: 1, year: 2026, progress: 36/3765} @ https://test.katelyatv-b3u.pages.dev/_next/static/chunks/app/play/page-6cfdda314f8a70e8.js:0
[   91440ms] [LOG] 播放进度已保存: {title: 地狱占星师, episode: 1, year: 2026, progress: 41/3765} @ https://test.katelyatv-b3u.pages.dev/_next/static/chunks/app/play/page-6cfdda314f8a70e8.js:0
[   96493ms] [LOG] 播放进度已保存: {title: 地狱占星师, episode: 1, year: 2026, progress: 46/3765} @ https://test.katelyatv-b3u.pages.dev/_next/static/chunks/app/play/page-6cfdda314f8a70e8.js:0
[  101551ms] [LOG] 播放进度已保存: {title: 地狱占星师, episode: 1, year: 2026, progress: 51/3765} @ https://test.katelyatv-b3u.pages.dev/_next/static/chunks/app/play/page-6cfdda314f8a70e8.js:0
[  106607ms] [LOG] 播放进度已保存: {title: 地狱占星师, episode: 1, year: 2026, progress: 56/3765} @ https://test.katelyatv-b3u.pages.dev/_next/static/chunks/app/play/page-6cfdda314f8a70e8.js:0
[  111659ms] [LOG] 播放进度已保存: {title: 地狱占星师, episode: 1, year: 2026, progress: 61/3765} @ https://test.katelyatv-b3u.pages.dev/_next/static/chunks/app/play/page-6cfdda314f8a70e8.js:0
[  116709ms] [LOG] 播放进度已保存: {title: 地狱占星师, episode: 1, year: 2026, progress: 66/3765} @ https://test.katelyatv-b3u.pages.dev/_next/static/chunks/app/play/page-6cfdda314f8a70e8.js:0
[  121758ms] [LOG] 播放进度已保存: {title: 地狱占星师, episode: 1, year: 2026, progress: 71/3765} @ https://test.katelyatv-b3u.pages.dev/_next/static/chunks/app/play/page-6cfdda314f8a70e8.js:0
[  126807ms] [LOG] 播放进度已保存: {title: 地狱占星师, episode: 1, year: 2026, progress: 76/3765} @ https://test.katelyatv-b3u.pages.dev/_next/static/chunks/app/play/page-6cfdda314f8a70e8.js:0
[  131855ms] [LOG] 播放进度已保存: {title: 地狱占星师, episode: 1, year: 2026, progress: 82/3765} @ https://test.katelyatv-b3u.pages.dev/_next/static/chunks/app/play/page-6cfdda314f8a70e8.js:0
[  136898ms] [LOG] 播放进度已保存: {title: 地狱占星师, episode: 1, year: 2026, progress: 87/3765} @ https://test.katelyatv-b3u.pages.dev/_next/static/chunks/app/play/page-6cfdda314f8a70e8.js:0
[  141940ms] [LOG] 播放进度已保存: {title: 地狱占星师, episode: 1, year: 2026, progress: 92/3765} @ https://test.katelyatv-b3u.pages.dev/_next/static/chunks/app/play/page-6cfdda314f8a70e8.js:0
[  146989ms] [LOG] 播放进度已保存: {title: 地狱占星师, episode: 1, year: 2026, progress: 97/3765} @ https://test.katelyatv-b3u.pages.dev/_next/static/chunks/app/play/page-6cfdda314f8a70e8.js:0
[  152039ms] [LOG] 播放进度已保存: {title: 地狱占星师, episode: 1, year: 2026, progress: 102/3765} @ https://test.katelyatv-b3u.pages.dev/_next/static/chunks/app/play/page-6cfdda314f8a70e8.js:0
[  157089ms] [LOG] 播放进度已保存: {title: 地狱占星师, episode: 1, year: 2026, progress: 107/3765} @ https://test.katelyatv-b3u.pages.dev/_next/static/chunks/app/play/page-6cfdda314f8a70e8.js:0
[  162135ms] [LOG] 播放进度已保存: {title: 地狱占星师, episode: 1, year: 2026, progress: 112/3765} @ https://test.katelyatv-b3u.pages.dev/_next/static/chunks/app/play/page-6cfdda314f8a70e8.js:0
[  167182ms] [LOG] 播放进度已保存: {title: 地狱占星师, episode: 1, year: 2026, progress: 117/3765} @ https://test.katelyatv-b3u.pages.dev/_next/static/chunks/app/play/page-6cfdda314f8a70e8.js:0
[  172221ms] [LOG] 播放进度已保存: {title: 地狱占星师, episode: 1, year: 2026, progress: 122/3765} @ https://test.katelyatv-b3u.pages.dev/_next/static/chunks/app/play/page-6cfdda314f8a70e8.js:0
[  177271ms] [LOG] 播放进度已保存: {title: 地狱占星师, episode: 1, year: 2026, progress: 127/3765} @ https://test.katelyatv-b3u.pages.dev/_next/static/chunks/app/play/page-6cfdda314f8a70e8.js:0
[  182321ms] [LOG] 播放进度已保存: {title: 地狱占星师, episode: 1, year: 2026, progress: 132/3765} @ https://test.katelyatv-b3u.pages.dev/_next/static/chunks/app/play/page-6cfdda314f8a70e8.js:0
[  187361ms] [LOG] 播放进度已保存: {title: 地狱占星师, episode: 1, year: 2026, progress: 137/3765} @ https://test.katelyatv-b3u.pages.dev/_next/static/chunks/app/play/page-6cfdda314f8a70e8.js:0
[  191704ms] [ERROR] HLS Error: hlsError {type: mediaError, details: bufferStalledError, fatal: false, error: Error: Playback stalling at @141.78969 due to low buffer ({"len":0.06035399999998958,"start":108.48…, buffer: 0.06035399999998958} @ https://test.katelyatv-b3u.pages.dev/_next/static/chunks/222-c910b8e8fe551fdd.js:0
[  202003ms] [LOG] 播放进度已保存: {title: 地狱占星师, episode: 1, year: 2026, progress: 142/3765} @ https://test.katelyatv-b3u.pages.dev/_next/static/chunks/app/play/page-6cfdda314f8a70e8.js:0
[  207054ms] [LOG] 播放进度已保存: {title: 地狱占星师, episode: 1, year: 2026, progress: 147/3765} @ https://test.katelyatv-b3u.pages.dev/_next/static/chunks/app/play/page-6cfdda314f8a70e8.js:0
[  212096ms] [LOG] 播放进度已保存: {title: 地狱占星师, episode: 1, year: 2026, progress: 152/3765} @ https://test.katelyatv-b3u.pages.dev/_next/static/chunks/app/play/page-6cfdda314f8a70e8.js:0
[  217142ms] [LOG] 播放进度已保存: {title: 地狱占星师, episode: 1, year: 2026, progress: 157/3765} @ https://test.katelyatv-b3u.pages.dev/_next/static/chunks/app/play/page-6cfdda314f8a70e8.js:0
[  222193ms] [LOG] 播放进度已保存: {title: 地狱占星师, episode: 1, year: 2026, progress: 162/3765} @ https://test.katelyatv-b3u.pages.dev/_next/static/chunks/app/play/page-6cfdda314f8a70e8.js:0
[  227243ms] [LOG] 播放进度已保存: {title: 地狱占星师, episode: 1, year: 2026, progress: 167/3765} @ https://test.katelyatv-b3u.pages.dev/_next/static/chunks/app/play/page-6cfdda314f8a70e8.js:0
[  232284ms] [LOG] 播放进度已保存: {title: 地狱占星师, episode: 1, year: 2026, progress: 172/3765} @ https://test.katelyatv-b3u.pages.dev/_next/static/chunks/app/play/page-6cfdda314f8a70e8.js:0
[  237334ms] [LOG] 播放进度已保存: {title: 地狱占星师, episode: 1, year: 2026, progress: 177/3765} @ https://test.katelyatv-b3u.pages.dev/_next/static/chunks/app/play/page-6cfdda314f8a70e8.js:0
[  242381ms] [LOG] 播放进度已保存: {title: 地狱占星师, episode: 1, year: 2026, progress: 182/3765} @ https://test.katelyatv-b3u.pages.dev/_next/static/chunks/app/play/page-6cfdda314f8a70e8.js:0
[  247430ms] [LOG] 播放进度已保存: {title: 地狱占星师, episode: 1, year: 2026, progress: 187/3765} @ https://test.katelyatv-b3u.pages.dev/_next/static/chunks/app/play/page-6cfdda314f8a70e8.js:0
[  252474ms] [LOG] 播放进度已保存: {title: 地狱占星师, episode: 1, year: 2026, progress: 192/3765} @ https://test.katelyatv-b3u.pages.dev/_next/static/chunks/app/play/page-6cfdda314f8a70e8.js:0
[  257517ms] [LOG] 播放进度已保存: {title: 地狱占星师, episode: 1, year: 2026, progress: 197/3765} @ https://test.katelyatv-b3u.pages.dev/_next/static/chunks/app/play/page-6cfdda314f8a70e8.js:0
[  262567ms] [LOG] 播放进度已保存: {title: 地狱占星师, episode: 1, year: 2026, progress: 202/3765} @ https://test.katelyatv-b3u.pages.dev/_next/static/chunks/app/play/page-6cfdda314f8a70e8.js:0
[  267616ms] [LOG] 播放进度已保存: {title: 地狱占星师, episode: 1, year: 2026, progress: 207/3765} @ https://test.katelyatv-b3u.pages.dev/_next/static/chunks/app/play/page-6cfdda314f8a70e8.js:0
[  272660ms] [LOG] 播放进度已保存: {title: 地狱占星师, episode: 1, year: 2026, progress: 212/3765} @ https://test.katelyatv-b3u.pages.dev/_next/static/chunks/app/play/page-6cfdda314f8a70e8.js:0
[  277708ms] [LOG] 播放进度已保存: {title: 地狱占星师, episode: 1, year: 2026, progress: 217/3765} @ https://test.katelyatv-b3u.pages.dev/_next/static/chunks/app/play/page-6cfdda314f8a70e8.js:0
[  282762ms] [LOG] 播放进度已保存: {title: 地狱占星师, episode: 1, year: 2026, progress: 222/3765} @ https://test.katelyatv-b3u.pages.dev/_next/static/chunks/app/play/page-6cfdda314f8a70e8.js:0
[  287798ms] [LOG] 播放进度已保存: {title: 地狱占星师, episode: 1, year: 2026, progress: 227/3765} @ https://test.katelyatv-b3u.pages.dev/_next/static/chunks/app/play/page-6cfdda314f8a70e8.js:0
[  292848ms] [LOG] 播放进度已保存: {title: 地狱占星师, episode: 1, year: 2026, progress: 232/3765} @ https://test.katelyatv-b3u.pages.dev/_next/static/chunks/app/play/page-6cfdda314f8a70e8.js:0
[  297897ms] [LOG] 播放进度已保存: {title: 地狱占星师, episode: 1, year: 2026, progress: 237/3765} @ https://test.katelyatv-b3u.pages.dev/_next/static/chunks/app/play/page-6cfdda314f8a70e8.js:0
[  302941ms] [LOG] 播放进度已保存: {title: 地狱占星师, episode: 1, year: 2026, progress: 242/3765} @ https://test.katelyatv-b3u.pages.dev/_next/static/chunks/app/play/page-6cfdda314f8a70e8.js:0
[  307989ms] [LOG] 播放进度已保存: {title: 地狱占星师, episode: 1, year: 2026, progress: 248/3765} @ https://test.katelyatv-b3u.pages.dev/_next/static/chunks/app/play/page-6cfdda314f8a70e8.js:0
[  313043ms] [LOG] 播放进度已保存: {title: 地狱占星师, episode: 1, year: 2026, progress: 253/3765} @ https://test.katelyatv-b3u.pages.dev/_next/static/chunks/app/play/page-6cfdda314f8a70e8.js:0
[  318079ms] [LOG] 播放进度已保存: {title: 地狱占星师, episode: 1, year: 2026, progress: 258/3765} @ https://test.katelyatv-b3u.pages.dev/_next/static/chunks/app/play/page-6cfdda314f8a70e8.js:0
[  323129ms] [LOG] 播放进度已保存: {title: 地狱占星师, episode: 1, year: 2026, progress: 263/3765} @ https://test.katelyatv-b3u.pages.dev/_next/static/chunks/app/play/page-6cfdda314f8a70e8.js:0
[  328180ms] [LOG] 播放进度已保存: {title: 地狱占星师, episode: 1, year: 2026, progress: 268/3765} @ https://test.katelyatv-b3u.pages.dev/_next/static/chunks/app/play/page-6cfdda314f8a70e8.js:0
[  333228ms] [LOG] 播放进度已保存: {title: 地狱占星师, episode: 1, year: 2026, progress: 273/3765} @ https://test.katelyatv-b3u.pages.dev/_next/static/chunks/app/play/page-6cfdda314f8a70e8.js:0
[  338271ms] [LOG] 播放进度已保存: {title: 地狱占星师, episode: 1, year: 2026, progress: 278/3765} @ https://test.katelyatv-b3u.pages.dev/_next/static/chunks/app/play/page-6cfdda314f8a70e8.js:0
[  343320ms] [LOG] 播放进度已保存: {title: 地狱占星师, episode: 1, year: 2026, progress: 283/3765} @ https://test.katelyatv-b3u.pages.dev/_next/static/chunks/app/play/page-6cfdda314f8a70e8.js:0
[  348362ms] [LOG] 播放进度已保存: {title: 地狱占星师, episode: 1, year: 2026, progress: 288/3765} @ https://test.katelyatv-b3u.pages.dev/_next/static/chunks/app/play/page-6cfdda314f8a70e8.js:0
[  353411ms] [LOG] 播放进度已保存: {title: 地狱占星师, episode: 1, year: 2026, progress: 293/3765} @ https://test.katelyatv-b3u.pages.dev/_next/static/chunks/app/play/page-6cfdda314f8a70e8.js:0
[  358461ms] [LOG] 播放进度已保存: {title: 地狱占星师, episode: 1, year: 2026, progress: 298/3765} @ https://test.katelyatv-b3u.pages.dev/_next/static/chunks/app/play/page-6cfdda314f8a70e8.js:0
[  363510ms] [LOG] 播放进度已保存: {title: 地狱占星师, episode: 1, year: 2026, progress: 303/3765} @ https://test.katelyatv-b3u.pages.dev/_next/static/chunks/app/play/page-6cfdda314f8a70e8.js:0
[  368560ms] [LOG] 播放进度已保存: {title: 地狱占星师, episode: 1, year: 2026, progress: 308/3765} @ https://test.katelyatv-b3u.pages.dev/_next/static/chunks/app/play/page-6cfdda314f8a70e8.js:0
[  373606ms] [LOG] 播放进度已保存: {title: 地狱占星师, episode: 1, year: 2026, progress: 313/3765} @ https://test.katelyatv-b3u.pages.dev/_next/static/chunks/app/play/page-6cfdda314f8a70e8.js:0
[  378643ms] [LOG] 播放进度已保存: {title: 地狱占星师, episode: 1, year: 2026, progress: 318/3765} @ https://test.katelyatv-b3u.pages.dev/_next/static/chunks/app/play/page-6cfdda314f8a70e8.js:0
[  383692ms] [LOG] 播放进度已保存: {title: 地狱占星师, episode: 1, year: 2026, progress: 323/3765} @ https://test.katelyatv-b3u.pages.dev/_next/static/chunks/app/play/page-6cfdda314f8a70e8.js:0
[  388742ms] [LOG] 播放进度已保存: {title: 地狱占星师, episode: 1, year: 2026, progress: 328/3765} @ https://test.katelyatv-b3u.pages.dev/_next/static/chunks/app/play/page-6cfdda314f8a70e8.js:0
[  393793ms] [LOG] 播放进度已保存: {title: 地狱占星师, episode: 1, year: 2026, progress: 333/3765} @ https://test.katelyatv-b3u.pages.dev/_next/static/chunks/app/play/page-6cfdda314f8a70e8.js:0
[  398830ms] [LOG] 播放进度已保存: {title: 地狱占星师, episode: 1, year: 2026, progress: 338/3765} @ https://test.katelyatv-b3u.pages.dev/_next/static/chunks/app/play/page-6cfdda314f8a70e8.js:0
[  403886ms] [LOG] 播放进度已保存: {title: 地狱占星师, episode: 1, year: 2026, progress: 343/3765} @ https://test.katelyatv-b3u.pages.dev/_next/static/chunks/app/play/page-6cfdda314f8a70e8.js:0
[  408924ms] [LOG] 播放进度已保存: {title: 地狱占星师, episode: 1, year: 2026, progress: 348/3765} @ https://test.katelyatv-b3u.pages.dev/_next/static/chunks/app/play/page-6cfdda314f8a70e8.js:0
[  413977ms] [LOG] 播放进度已保存: {title: 地狱占星师, episode: 1, year: 2026, progress: 354/3765} @ https://test.katelyatv-b3u.pages.dev/_next/static/chunks/app/play/page-6cfdda314f8a70e8.js:0
[  419020ms] [LOG] 播放进度已保存: {title: 地狱占星师, episode: 1, year: 2026, progress: 359/3765} @ https://test.katelyatv-b3u.pages.dev/_next/static/chunks/app/play/page-6cfdda314f8a70e8.js:0
[  424068ms] [LOG] 播放进度已保存: {title: 地狱占星师, episode: 1, year: 2026, progress: 364/3765} @ https://test.katelyatv-b3u.pages.dev/_next/static/chunks/app/play/page-6cfdda314f8a70e8.js:0
[  429123ms] [LOG] 播放进度已保存: {title: 地狱占星师, episode: 1, year: 2026, progress: 369/3765} @ https://test.katelyatv-b3u.pages.dev/_next/static/chunks/app/play/page-6cfdda314f8a70e8.js:0
[  434161ms] [LOG] 播放进度已保存: {title: 地狱占星师, episode: 1, year: 2026, progress: 374/3765} @ https://test.katelyatv-b3u.pages.dev/_next/static/chunks/app/play/page-6cfdda314f8a70e8.js:0
[  439206ms] [LOG] 播放进度已保存: {title: 地狱占星师, episode: 1, year: 2026, progress: 379/3765} @ https://test.katelyatv-b3u.pages.dev/_next/static/chunks/app/play/page-6cfdda314f8a70e8.js:0
[  444251ms] [LOG] 播放进度已保存: {title: 地狱占星师, episode: 1, year: 2026, progress: 384/3765} @ https://test.katelyatv-b3u.pages.dev/_next/static/chunks/app/play/page-6cfdda314f8a70e8.js:0
[  449305ms] [LOG] 播放进度已保存: {title: 地狱占星师, episode: 1, year: 2026, progress: 389/3765} @ https://test.katelyatv-b3u.pages.dev/_next/static/chunks/app/play/page-6cfdda314f8a70e8.js:0
[  454355ms] [LOG] 播放进度已保存: {title: 地狱占星师, episode: 1, year: 2026, progress: 394/3765} @ https://test.katelyatv-b3u.pages.dev/_next/static/chunks/app/play/page-6cfdda314f8a70e8.js:0
[  459397ms] [LOG] 播放进度已保存: {title: 地狱占星师, episode: 1, year: 2026, progress: 399/3765} @ https://test.katelyatv-b3u.pages.dev/_next/static/chunks/app/play/page-6cfdda314f8a70e8.js:0
[  464450ms] [LOG] 播放进度已保存: {title: 地狱占星师, episode: 1, year: 2026, progress: 404/3765} @ https://test.katelyatv-b3u.pages.dev/_next/static/chunks/app/play/page-6cfdda314f8a70e8.js:0
[  469487ms] [LOG] 播放进度已保存: {title: 地狱占星师, episode: 1, year: 2026, progress: 409/3765} @ https://test.katelyatv-b3u.pages.dev/_next/static/chunks/app/play/page-6cfdda314f8a70e8.js:0
[  474537ms] [LOG] 播放进度已保存: {title: 地狱占星师, episode: 1, year: 2026, progress: 414/3765} @ https://test.katelyatv-b3u.pages.dev/_next/static/chunks/app/play/page-6cfdda314f8a70e8.js:0
[  479582ms] [LOG] 播放进度已保存: {title: 地狱占星师, episode: 1, year: 2026, progress: 419/3765} @ https://test.katelyatv-b3u.pages.dev/_next/static/chunks/app/play/page-6cfdda314f8a70e8.js:0
[  484637ms] [LOG] 播放进度已保存: {title: 地狱占星师, episode: 1, year: 2026, progress: 424/3765} @ https://test.katelyatv-b3u.pages.dev/_next/static/chunks/app/play/page-6cfdda314f8a70e8.js:0
[  489681ms] [LOG] 播放进度已保存: {title: 地狱占星师, episode: 1, year: 2026, progress: 429/3765} @ https://test.katelyatv-b3u.pages.dev/_next/static/chunks/app/play/page-6cfdda314f8a70e8.js:0
[  494730ms] [LOG] 播放进度已保存: {title: 地狱占星师, episode: 1, year: 2026, progress: 434/3765} @ https://test.katelyatv-b3u.pages.dev/_next/static/chunks/app/play/page-6cfdda314f8a70e8.js:0
[  499769ms] [LOG] 播放进度已保存: {title: 地狱占星师, episode: 1, year: 2026, progress: 439/3765} @ https://test.katelyatv-b3u.pages.dev/_next/static/chunks/app/play/page-6cfdda314f8a70e8.js:0
[  504818ms] [LOG] 播放进度已保存: {title: 地狱占星师, episode: 1, year: 2026, progress: 444/3765} @ https://test.katelyatv-b3u.pages.dev/_next/static/chunks/app/play/page-6cfdda314f8a70e8.js:0
[  509868ms] [LOG] 播放进度已保存: {title: 地狱占星师, episode: 1, year: 2026, progress: 449/3765} @ https://test.katelyatv-b3u.pages.dev/_next/static/chunks/app/play/page-6cfdda314f8a70e8.js:0
[  514911ms] [LOG] 播放进度已保存: {title: 地狱占星师, episode: 1, year: 2026, progress: 454/3765} @ https://test.katelyatv-b3u.pages.dev/_next/static/chunks/app/play/page-6cfdda314f8a70e8.js:0
[  519961ms] [LOG] 播放进度已保存: {title: 地狱占星师, episode: 1, year: 2026, progress: 459/3765} @ https://test.katelyatv-b3u.pages.dev/_next/static/chunks/app/play/page-6cfdda314f8a70e8.js:0
[  525011ms] [LOG] 播放进度已保存: {title: 地狱占星师, episode: 1, year: 2026, progress: 465/3765} @ https://test.katelyatv-b3u.pages.dev/_next/static/chunks/app/play/page-6cfdda314f8a70e8.js:0
[  530050ms] [LOG] 播放进度已保存: {title: 地狱占星师, episode: 1, year: 2026, progress: 470/3765} @ https://test.katelyatv-b3u.pages.dev/_next/static/chunks/app/play/page-6cfdda314f8a70e8.js:0
[  535100ms] [LOG] 播放进度已保存: {title: 地狱占星师, episode: 1, year: 2026, progress: 475/3765} @ https://test.katelyatv-b3u.pages.dev/_next/static/chunks/app/play/page-6cfdda314f8a70e8.js:0
[  540150ms] [LOG] 播放进度已保存: {title: 地狱占星师, episode: 1, year: 2026, progress: 480/3765} @ https://test.katelyatv-b3u.pages.dev/_next/static/chunks/app/play/page-6cfdda314f8a70e8.js:0
[  545190ms] [LOG] 播放进度已保存: {title: 地狱占星师, episode: 1, year: 2026, progress: 485/3765} @ https://test.katelyatv-b3u.pages.dev/_next/static/chunks/app/play/page-6cfdda314f8a70e8.js:0
[  550248ms] [LOG] 播放进度已保存: {title: 地狱占星师, episode: 1, year: 2026, progress: 490/3765} @ https://test.katelyatv-b3u.pages.dev/_next/static/chunks/app/play/page-6cfdda314f8a70e8.js:0
[  555287ms] [LOG] 播放进度已保存: {title: 地狱占星师, episode: 1, year: 2026, progress: 495/3765} @ https://test.katelyatv-b3u.pages.dev/_next/static/chunks/app/play/page-6cfdda314f8a70e8.js:0
[  560333ms] [LOG] 播放进度已保存: {title: 地狱占星师, episode: 1, year: 2026, progress: 500/3765} @ https://test.katelyatv-b3u.pages.dev/_next/static/chunks/app/play/page-6cfdda314f8a70e8.js:0
[  565378ms] [LOG] 播放进度已保存: {title: 地狱占星师, episode: 1, year: 2026, progress: 505/3765} @ https://test.katelyatv-b3u.pages.dev/_next/static/chunks/app/play/page-6cfdda314f8a70e8.js:0
[  570429ms] [LOG] 播放进度已保存: {title: 地狱占星师, episode: 1, year: 2026, progress: 510/3765} @ https://test.katelyatv-b3u.pages.dev/_next/static/chunks/app/play/page-6cfdda314f8a70e8.js:0
[  575481ms] [LOG] 播放进度已保存: {title: 地狱占星师, episode: 1, year: 2026, progress: 515/3765} @ https://test.katelyatv-b3u.pages.dev/_next/static/chunks/app/play/page-6cfdda314f8a70e8.js:0
[  580531ms] [LOG] 播放进度已保存: {title: 地狱占星师, episode: 1, year: 2026, progress: 520/3765} @ https://test.katelyatv-b3u.pages.dev/_next/static/chunks/app/play/page-6cfdda314f8a70e8.js:0
[  585564ms] [LOG] 播放进度已保存: {title: 地狱占星师, episode: 1, year: 2026, progress: 525/3765} @ https://test.katelyatv-b3u.pages.dev/_next/static/chunks/app/play/page-6cfdda314f8a70e8.js:0
[  590611ms] [LOG] 播放进度已保存: {title: 地狱占星师, episode: 1, year: 2026, progress: 530/3765} @ https://test.katelyatv-b3u.pages.dev/_next/static/chunks/app/play/page-6cfdda314f8a70e8.js:0
[  595678ms] [LOG] 播放进度已保存: {title: 地狱占星师, episode: 1, year: 2026, progress: 535/3765} @ https://test.katelyatv-b3u.pages.dev/_next/static/chunks/app/play/page-6cfdda314f8a70e8.js:0
[  600730ms] [LOG] 播放进度已保存: {title: 地狱占星师, episode: 1, year: 2026, progress: 540/3765} @ https://test.katelyatv-b3u.pages.dev/_next/static/chunks/app/play/page-6cfdda314f8a70e8.js:0
[  602772ms] [LOG] 播放进度已保存: {title: 地狱占星师, episode: 1, year: 2026, progress: 542/3765} @ https://test.katelyatv-b3u.pages.dev/_next/static/chunks/app/play/page-6cfdda314f8a70e8.js:0
